<?xml version="1.0" encoding="UTF-8"?>
<!-- Generated by org.testng.reporters.JUnitXMLReporter -->
<testsuite hostname="DS-LAP-74" ignored="0" name="Purple Admin Tool" tests="2" failures="1" timestamp="26 Apr 2020 15:32:14 GMT" time="19.004" errors="0">
  <testcase name="loginPageTitleTest" time="0.022" classname="com.purpleAdmin.qa.testcases.LoginPageTestCases">
    <failure type="java.lang.AssertionError" message="expected [Purple Test] but found [Purple Test !]">
      <![CDATA[java.lang.AssertionError: expected [Purple Test] but found [Purple Test !]
	at com.purpleAdmin.qa.testcases.LoginPageTestCases.loginPageTitleTest(LoginPageTestCases.java:34)
... Removed 31 stack frames]]>
    </failure>
  </testcase> <!-- loginPageTitleTest -->
  <testcase name="loginTest" time="0.865" classname="com.purpleAdmin.qa.testcases.LoginPageTestCases"/>
</testsuite> <!-- Purple Admin Tool -->
