<?xml version="1.0" encoding="UTF-8"?>
<!-- Generated by org.testng.reporters.JUnitXMLReporter -->
<testsuite hostname="DS-LAP-74" name="Default test" tests="4" failures="0" timestamp="12 Aug 2020 19:02:45 GMT" time="233.942" errors="0">
  <testcase name="validateMapZoomIn" time="65.902" classname="com.purpleAdmin.qa.testcases.WebMapPageTestCases"/>
  <testcase name="validateMapZoomOut" time="81.708" classname="com.purpleAdmin.qa.testcases.WebMapPageTestCases"/>
  <testcase name="validateMapRotateLeft" time="51.684" classname="com.purpleAdmin.qa.testcases.WebMapPageTestCases"/>
  <testcase name="validateMapRotateRight" time="32.535" classname="com.purpleAdmin.qa.testcases.WebMapPageTestCases"/>
</testsuite> <!-- Default test -->
