<?xml version="1.0" encoding="UTF-8"?>
<!-- Generated by org.testng.reporters.JUnitXMLReporter -->
<testsuite hostname="DS-LAP-74" name="Web App" tests="13" failures="0" timestamp="17 Jun 2020 12:59:32 GMT" time="604.147" errors="0">
  <testcase name="validateAppOverviewBtn" time="20.429" classname="com.purpleAdmin.qa.testcases.WebHamburgerPageTestCases"/>
  <testcase name="validateClearRouteBtn" time="34.542" classname="com.purpleAdmin.qa.testcases.WebHamburgerPageTestCases"/>
  <testcase name="validateEULABtn" time="20.761" classname="com.purpleAdmin.qa.testcases.WebHamburgerPageTestCases"/>
  <testcase name="validatePrivacyPolicyBtn" time="25.148" classname="com.purpleAdmin.qa.testcases.WebHamburgerPageTestCases"/>
  <testcase name="validateKeyLegends" time="29.674" classname="com.purpleAdmin.qa.testcases.WebNavigationDirectionsTestCases"/>
  <testcase name="validateMapRecenter" time="38.374" classname="com.purpleAdmin.qa.testcases.WebNavigationDirectionsTestCases"/>
  <testcase name="validateMapRotateLeft" time="37.195" classname="com.purpleAdmin.qa.testcases.WebNavigationDirectionsTestCases"/>
  <testcase name="validateMapRotateRight" time="36.19" classname="com.purpleAdmin.qa.testcases.WebNavigationDirectionsTestCases"/>
  <testcase name="validateMapZoomIn" time="144.986" classname="com.purpleAdmin.qa.testcases.WebNavigationDirectionsTestCases"/>
  <testcase name="validateMapZoomOut" time="34.497" classname="com.purpleAdmin.qa.testcases.WebNavigationDirectionsTestCases"/>
  <testcase name="validateOnsiteDirections" time="41.998" classname="com.purpleAdmin.qa.testcases.WebNavigationDirectionsTestCases"/>
  <testcase name="validateOnisteOffisteDirections" time="47.212" classname="com.purpleAdmin.qa.testcases.WebNavigationDirectionsTestCases"/>
  <testcase name="validateOffisteOnsiteDirections" time="57.729" classname="com.purpleAdmin.qa.testcases.WebNavigationDirectionsTestCases"/>
</testsuite> <!-- Web App -->
