<?xml version="1.0" encoding="UTF-8"?>
<!-- Generated by org.testng.reporters.JUnitXMLReporter -->
<testsuite hostname="DS-LAP-74" name="Web App" tests="23" failures="0" timestamp="12 Aug 2020 07:27:06 GMT" time="1410.381" errors="0">
  <testcase name="validateCompanyLogo" time="37.624" classname="com.purpleAdmin.qa.testcases.WebHomePageTestCase"/>
  <testcase name="validateOnsiteDirections" time="39.823" classname="com.purpleAdmin.qa.testcases.WebNavigationDirectionsTestCases"/>
  <testcase name="validateGoogleResults" time="30.929" classname="com.purpleAdmin.qa.testcases.WebNavigationDirectionsTestCases"/>
  <testcase name="validateOnsiteOffsiteDirections" time="133.522" classname="com.purpleAdmin.qa.testcases.WebNavigationDirectionsTestCases"/>
  <testcase name="validateOffsiteOnsiteDirections" time="51.379" classname="com.purpleAdmin.qa.testcases.WebNavigationDirectionsTestCases"/>
  <testcase name="validateReverseDirections" time="32.301" classname="com.purpleAdmin.qa.testcases.WebNavigationDirectionsTestCases"/>
  <testcase name="validateMapZoomIn" time="31.067" classname="com.purpleAdmin.qa.testcases.WebMapPageTestCases"/>
  <testcase name="validateMapZoomOut" time="28.578" classname="com.purpleAdmin.qa.testcases.WebMapPageTestCases"/>
  <testcase name="validateMapRotateLeft" time="36.87" classname="com.purpleAdmin.qa.testcases.WebMapPageTestCases"/>
  <testcase name="validateMapRotateRight" time="110.994" classname="com.purpleAdmin.qa.testcases.WebMapPageTestCases"/>
  <testcase name="validateMapRecenter" time="48.065" classname="com.purpleAdmin.qa.testcases.WebMapPageTestCases"/>
  <testcase name="validateKeyLegends" time="47.478" classname="com.purpleAdmin.qa.testcases.WebMapPageTestCases"/>
  <testcase name="validateClearRouteBtn" time="30.746" classname="com.purpleAdmin.qa.testcases.WebHamburgerPageTestCases"/>
  <testcase name="validateEULABtn" time="33.9" classname="com.purpleAdmin.qa.testcases.WebHamburgerPageTestCases"/>
  <testcase name="validateAppOverviewBtn" time="100.826" classname="com.purpleAdmin.qa.testcases.WebHamburgerPageTestCases"/>
  <testcase name="validatePrivacyPolicyBtn" time="43.052" classname="com.purpleAdmin.qa.testcases.WebHamburgerPageTestCases"/>
  <testcase name="validateSubmitFeedbackBtn" time="33.451" classname="com.purpleAdmin.qa.testcases.WebHamburgerPageTestCases"/>
  <testcase name="validateFAQsBtn" time="23.561" classname="com.purpleAdmin.qa.testcases.WebHamburgerPageTestCases"/>
  <testcase name="validateSendFeedback" time="146.955" classname="com.purpleAdmin.qa.testcases.WebHamburgerPageTestCases"/>
  <testcase name="validateEventCaledar" time="141.882" classname="com.purpleAdmin.qa.testcases.WebHamburgerPageTestCases"/>
  <testcase name="validateDownloadMobileApp" time="149.704" classname="com.purpleAdmin.qa.testcases.WebHamburgerPageTestCases"/>
  <testcase name="validateEmailBtn" time="37.796" classname="com.purpleAdmin.qa.testcases.WebEmailPrintTestCases"/>
  <testcase name="validatePrintBtn" time="31.777" classname="com.purpleAdmin.qa.testcases.WebEmailPrintTestCases"/>
</testsuite> <!-- Web App -->
