<?xml version="1.0" encoding="UTF-8"?>
<!-- Generated by org.testng.reporters.JUnitXMLReporter -->
<testsuite hostname="DS-LAP-74" ignored="0" name="Purple Admin Tool" tests="2" failures="1" timestamp="10 May 2020 10:43:45 GMT" time="19.229" errors="0">
  <testcase name="loginPageTitleTest" time="0.04" classname="com.purpleAdmin.qa.testcases.LoginPageTestCases">
    <failure type="java.lang.AssertionError" message="expected:&amp;lt;Purple Test !&amp;gt; but was:&amp;lt;Purple Test&amp;gt;">
      <![CDATA[java.lang.AssertionError: expected:<Purple Test !> but was:<Purple Test>
at com.purpleAdmin.qa.testcases.LoginPageTestCases.loginPageTitleTest(LoginPageTestCases.java:38)
... Removed 27 stack frames]]>
    </failure>
  </testcase> <!-- loginPageTitleTest -->
  <testcase name="loginTest" time="0.676" classname="com.purpleAdmin.qa.testcases.LoginPageTestCases"/>
</testsuite> <!-- Purple Admin Tool -->
