<?xml version="1.0" encoding="UTF-8"?>
<testng-results skipped="0" failed="0" total="1" passed="1">
  <reporter-output>
  </reporter-output>
  <suite name="Default suite" duration-ms="39308" started-at="2020-06-19T11:00:38Z" finished-at="2020-06-19T11:01:17Z">
    <groups>
    </groups>
    <test name="Default test" duration-ms="39308" started-at="2020-06-19T11:00:38Z" finished-at="2020-06-19T11:01:17Z">
      <class name="com.purpleAdmin.qa.testcases.WebHamburgerPageTestCases">
        <test-method status="PASS" signature="setExtentReport()[pri:0, instance:com.purpleAdmin.qa.testcases.WebHamburgerPageTestCases@58134517]" name="setExtentReport" is-config="true" duration-ms="509" started-at="2020-06-19T16:30:37Z" finished-at="2020-06-19T16:30:38Z">
          <reporter-output>
          </reporter-output>
        </test-method> <!-- setExtentReport -->
        <test-method status="PASS" signature="createTest()[pri:0, instance:com.purpleAdmin.qa.testcases.WebHamburgerPageTestCases@58134517]" name="createTest" is-config="true" duration-ms="12" started-at="2020-06-19T16:30:38Z" finished-at="2020-06-19T16:30:38Z">
          <reporter-output>
          </reporter-output>
        </test-method> <!-- createTest -->
        <test-method status="PASS" signature="setUp()[pri:0, instance:com.purpleAdmin.qa.testcases.WebHamburgerPageTestCases@58134517]" name="setUp" is-config="true" duration-ms="2565" started-at="2020-06-19T16:30:38Z" finished-at="2020-06-19T16:30:41Z">
          <reporter-output>
          </reporter-output>
        </test-method> <!-- setUp -->
        <test-method status="PASS" signature="validateClearRouteBtn(java.util.HashMap)[pri:0, instance:com.purpleAdmin.qa.testcases.WebHamburgerPageTestCases@58134517]" name="validateClearRouteBtn" duration-ms="36335" started-at="2020-06-19T16:30:41Z" data-provider="getData" finished-at="2020-06-19T16:31:17Z">
          <params>
            <param index="0">
              <value>
                <![CDATA[{SNO=4, CAMPUS_NAME=AMC, TEST_CASE_NAME=validateClearRouteBtn, URL=https://amc.yourdirectroute.com/, STARTING_POINT=Emergency Department, DESTINATION_POINT=The Massry Family Children's Emergency Center}]]>
              </value>
            </param>
          </params>
          <reporter-output>
          </reporter-output>
        </test-method> <!-- validateClearRouteBtn -->
        <test-method status="PASS" signature="tearDown()[pri:0, instance:com.purpleAdmin.qa.testcases.WebHamburgerPageTestCases@58134517]" name="tearDown" is-config="true" duration-ms="683" started-at="2020-06-19T16:31:17Z" finished-at="2020-06-19T16:31:18Z">
          <reporter-output>
          </reporter-output>
        </test-method> <!-- tearDown -->
      </class> <!-- com.purpleAdmin.qa.testcases.WebHamburgerPageTestCases -->
    </test> <!-- Default test -->
  </suite> <!-- Default suite -->
</testng-results>
